Symlinking /opt/autolabor/ros/catkin_ws/devel/include/autolabor_pro1_driver/SimAutolaborDriverConfig.h
Symlinking /opt/autolabor/ros/catkin_ws/devel/include/autolabor_pro1_driver/Encode.h
Symlinking /opt/autolabor/ros/catkin_ws/devel/include/autolabor_pro1_driver/AutolaborModelConfig.h
Symlinking /opt/autolabor/ros/catkin_ws/devel/share/autolabor_pro1_driver/cmake/autolabor_pro1_driverConfig-version.cmake
Symlinking /opt/autolabor/ros/catkin_ws/devel/share/autolabor_pro1_driver/cmake/autolabor_pro1_driver-msg-extras.cmake
Symlinking /opt/autolabor/ros/catkin_ws/devel/share/autolabor_pro1_driver/cmake/autolabor_pro1_driverConfig.cmake
Symlinking /opt/autolabor/ros/catkin_ws/devel/share/autolabor_pro1_driver/cmake/autolabor_pro1_driver-msg-paths.cmake
Symlinking /opt/autolabor/ros/catkin_ws/devel/share/autolabor_pro1_driver/docs/AutolaborModelConfig.dox
Symlinking /opt/autolabor/ros/catkin_ws/devel/share/autolabor_pro1_driver/docs/SimAutolaborDriverConfig-usage.dox
Symlinking /opt/autolabor/ros/catkin_ws/devel/share/autolabor_pro1_driver/docs/SimAutolaborDriverConfig.wikidoc
Symlinking /opt/autolabor/ros/catkin_ws/devel/share/autolabor_pro1_driver/docs/AutolaborModelConfig-usage.dox
Symlinking /opt/autolabor/ros/catkin_ws/devel/share/autolabor_pro1_driver/docs/AutolaborModelConfig.wikidoc
Symlinking /opt/autolabor/ros/catkin_ws/devel/share/autolabor_pro1_driver/docs/SimAutolaborDriverConfig.dox
Symlinking /opt/autolabor/ros/catkin_ws/devel/share/common-lisp/ros/autolabor_pro1_driver/msg/autolabor_pro1_driver-msg.asd
Symlinking /opt/autolabor/ros/catkin_ws/devel/share/common-lisp/ros/autolabor_pro1_driver/msg/_package_Encode.lisp
Symlinking /opt/autolabor/ros/catkin_ws/devel/share/common-lisp/ros/autolabor_pro1_driver/msg/_package.lisp
Symlinking /opt/autolabor/ros/catkin_ws/devel/share/common-lisp/ros/autolabor_pro1_driver/msg/Encode.lisp
Symlinking /opt/autolabor/ros/catkin_ws/devel/share/gennodejs/ros/autolabor_pro1_driver/_index.js
Symlinking /opt/autolabor/ros/catkin_ws/devel/share/gennodejs/ros/autolabor_pro1_driver/msg/Encode.js
Symlinking /opt/autolabor/ros/catkin_ws/devel/share/gennodejs/ros/autolabor_pro1_driver/msg/_index.js
Symlinking /opt/autolabor/ros/catkin_ws/devel/share/roseus/ros/autolabor_pro1_driver/manifest.l
Symlinking /opt/autolabor/ros/catkin_ws/devel/share/roseus/ros/autolabor_pro1_driver/msg/Encode.l
Symlinking /opt/autolabor/ros/catkin_ws/devel/lib/autolabor_pro1_driver/autolabor_pro1_driver
Symlinking /opt/autolabor/ros/catkin_ws/devel/lib/autolabor_pro1_driver/sim_autolabor_pro1_driver
Symlinking /opt/autolabor/ros/catkin_ws/devel/lib/python2.7/dist-packages/autolabor_pro1_driver/__init__.py
Symlinking /opt/autolabor/ros/catkin_ws/devel/lib/python2.7/dist-packages/autolabor_pro1_driver/msg/_Encode.py
Symlinking /opt/autolabor/ros/catkin_ws/devel/lib/python2.7/dist-packages/autolabor_pro1_driver/msg/__init__.py
Symlinking /opt/autolabor/ros/catkin_ws/devel/lib/python2.7/dist-packages/autolabor_pro1_driver/cfg/AutolaborModelConfig.py
Symlinking /opt/autolabor/ros/catkin_ws/devel/lib/python2.7/dist-packages/autolabor_pro1_driver/cfg/SimAutolaborDriverConfig.py
Symlinking /opt/autolabor/ros/catkin_ws/devel/lib/python2.7/dist-packages/autolabor_pro1_driver/cfg/__init__.py
Symlinking /opt/autolabor/ros/catkin_ws/devel/lib/pkgconfig/autolabor_pro1_driver.pc
