[  6%] [34m[1mGenerating dynamic reconfigure files from cfg/URG.cfg: /opt/autolabor/ros/catkin_ws/devel/.private/urg_node/include/urg_node/URGConfig.h /opt/autolabor/ros/catkin_ws/devel/.private/urg_node/lib/python2.7/dist-packages/urg_node/cfg/URGConfig.py[0m
[  6%] Built target _urg_node_generate_messages_check_deps_Status
[  6%] Built target std_msgs_generate_messages_py
[  6%] Built target std_msgs_generate_messages_cpp
[  6%] Built target std_msgs_generate_messages_eus
Generating reconfiguration files for URG in urg_node
Wrote header file in /opt/autolabor/ros/catkin_ws/devel/.private/urg_node/include/urg_node/URGConfig.h
[  6%] Built target std_msgs_generate_messages_lisp
[  6%] Built target std_msgs_generate_messages_nodejs
[  6%] Built target urg_node_gencfg
[ 12%] [32mBuilding CXX object CMakeFiles/urg_c_wrapper.dir/src/urg_c_wrapper.cpp.o[0m
[ 18%] [34m[1mGenerating Python from MSG urg_node/Status[0m
[ 25%] [34m[1mGenerating C++ code from urg_node/Status.msg[0m
[ 25%] Built target urg_node_generate_messages_cpp
[ 31%] [34m[1mGenerating Python msg __init__.py for urg_node[0m
[ 37%] [34m[1mGenerating EusLisp code from urg_node/Status.msg[0m
[ 43%] [34m[1mGenerating EusLisp manifest code for urg_node[0m
[ 43%] Built target urg_node_generate_messages_py
[ 50%] [34m[1mGenerating Lisp code from urg_node/Status.msg[0m
[ 50%] Built target urg_node_generate_messages_lisp
[ 56%] [34m[1mGenerating Javascript code from urg_node/Status.msg[0m
[ 56%] Built target urg_node_generate_messages_nodejs
[ 56%] Built target urg_node_gencpp
[ 56%] Built target urg_node_generate_messages_eus
[ 56%] Built target urg_node_generate_messages
[ 62%] [32m[1mLinking CXX shared library /opt/autolabor/ros/catkin_ws/devel/.private/urg_node/lib/liburg_c_wrapper.so[0m
[ 62%] Built target urg_c_wrapper
[ 68%] [32mBuilding CXX object CMakeFiles/urg_node_driver.dir/src/urg_node_driver.cpp.o[0m
[ 75%] [32mBuilding CXX object CMakeFiles/getID.dir/src/getID.cpp.o[0m
[ 81%] [32m[1mLinking CXX executable /opt/autolabor/ros/catkin_ws/devel/.private/urg_node/lib/urg_node/getID[0m
[ 81%] Built target getID
[ 87%] [32m[1mLinking CXX shared library /opt/autolabor/ros/catkin_ws/devel/.private/urg_node/lib/liburg_node_driver.so[0m
[ 87%] Built target urg_node_driver
[ 93%] [32mBuilding CXX object CMakeFiles/urg_node.dir/src/urg_node.cpp.o[0m
[100%] [32m[1mLinking CXX executable /opt/autolabor/ros/catkin_ws/devel/.private/urg_node/lib/urg_node/urg_node[0m
[100%] Built target urg_node
