[  0%] Built target tf2_msgs_generate_messages_py
[  0%] Built target roscpp_generate_messages_cpp
[  0%] Built target roscpp_generate_messages_eus
[  0%] Built target roscpp_generate_messages_lisp
[  0%] Built target roscpp_generate_messages_nodejs
[  0%] Built target roscpp_generate_messages_py
[  0%] Built target rosgraph_msgs_generate_messages_cpp
[  0%] Built target rosgraph_msgs_generate_messages_eus
[  0%] Built target rosgraph_msgs_generate_messages_lisp
[  0%] Built target rosgraph_msgs_generate_messages_nodejs
[  0%] Built target rosgraph_msgs_generate_messages_py
[  0%] Built target std_msgs_generate_messages_cpp
[  0%] Built target std_msgs_generate_messages_eus
[  0%] Built target std_msgs_generate_messages_lisp
[  0%] Built target std_msgs_generate_messages_nodejs
[  0%] Built target std_msgs_generate_messages_py
[  0%] Built target nav_msgs_generate_messages_cpp
[  0%] Built target nav_msgs_generate_messages_eus
[  0%] Built target nav_msgs_generate_messages_lisp
[  0%] Built target nav_msgs_generate_messages_nodejs
[  0%] Built target nav_msgs_generate_messages_py
[  0%] Built target geometry_msgs_generate_messages_cpp
[  0%] Built target geometry_msgs_generate_messages_eus
[  0%] Built target geometry_msgs_generate_messages_lisp
[  0%] Built target geometry_msgs_generate_messages_nodejs
[  0%] Built target geometry_msgs_generate_messages_py
[  0%] Built target actionlib_msgs_generate_messages_cpp
[  0%] Built target actionlib_msgs_generate_messages_eus
[  0%] Built target actionlib_msgs_generate_messages_lisp
[  0%] Built target actionlib_msgs_generate_messages_nodejs
[  0%] Built target actionlib_msgs_generate_messages_py
[  0%] Built target tf2_msgs_generate_messages_cpp
[  0%] Built target tf2_msgs_generate_messages_eus
[  0%] Built target tf2_msgs_generate_messages_lisp
[  0%] Built target tf2_msgs_generate_messages_nodejs
[  9%] [32mBuilding CXX object gtest/googlemock/gtest/CMakeFiles/gtest.dir/src/gtest-all.cc.o[0m
[ 18%] [32mBuilding CXX object CMakeFiles/map_server_image_loader.dir/src/image_loader.cpp.o[0m
[ 27%] [32m[1mLinking CXX shared library /opt/autolabor/ros/catkin_ws/devel/.private/map_server/lib/libmap_server_image_loader.so[0m
[ 27%] Built target map_server_image_loader
[ 36%] [32mBuilding CXX object CMakeFiles/map_server-map_saver.dir/src/map_saver.cpp.o[0m
[ 45%] [32m[1mLinking CXX shared library libgtest.so[0m
[ 45%] Built target gtest
[ 54%] [32m[1mLinking CXX executable /opt/autolabor/ros/catkin_ws/devel/.private/map_server/lib/map_server/map_saver[0m
[ 63%] [32mBuilding CXX object CMakeFiles/map_server.dir/src/main.cpp.o[0m
[ 63%] Built target map_server-map_saver
[ 72%] [32mBuilding CXX object CMakeFiles/rtest.dir/test/rtest.cpp.o[0m
[ 81%] [32mBuilding CXX object CMakeFiles/rtest.dir/test/test_constants.cpp.o[0m
[ 90%] [32m[1mLinking CXX executable /opt/autolabor/ros/catkin_ws/devel/.private/map_server/lib/map_server/rtest[0m
[ 90%] Built target rtest
[100%] [32m[1mLinking CXX executable /opt/autolabor/ros/catkin_ws/devel/.private/map_server/lib/map_server/map_server[0m
[100%] Built target map_server
