Symlinking /opt/autolabor/ros/catkin_ws/devel/include/nmea_msgs/Gpgsv.h
Symlinking /opt/autolabor/ros/catkin_ws/devel/include/nmea_msgs/Gpgsa.h
Symlinking /opt/autolabor/ros/catkin_ws/devel/include/nmea_msgs/Gpgst.h
Symlinking /opt/autolabor/ros/catkin_ws/devel/include/nmea_msgs/GpgsvSatellite.h
Symlinking /opt/autolabor/ros/catkin_ws/devel/include/nmea_msgs/Gprmc.h
Symlinking /opt/autolabor/ros/catkin_ws/devel/include/nmea_msgs/Sentence.h
Symlinking /opt/autolabor/ros/catkin_ws/devel/include/nmea_msgs/Gpgga.h
Symlinking /opt/autolabor/ros/catkin_ws/devel/share/common-lisp/ros/nmea_msgs/msg/Gpgsv.lisp
Symlinking /opt/autolabor/ros/catkin_ws/devel/share/common-lisp/ros/nmea_msgs/msg/_package.lisp
Symlinking /opt/autolabor/ros/catkin_ws/devel/share/common-lisp/ros/nmea_msgs/msg/Gprmc.lisp
Symlinking /opt/autolabor/ros/catkin_ws/devel/share/common-lisp/ros/nmea_msgs/msg/_package_Gpgga.lisp
Symlinking /opt/autolabor/ros/catkin_ws/devel/share/common-lisp/ros/nmea_msgs/msg/_package_Gpgst.lisp
Symlinking /opt/autolabor/ros/catkin_ws/devel/share/common-lisp/ros/nmea_msgs/msg/_package_Gprmc.lisp
Symlinking /opt/autolabor/ros/catkin_ws/devel/share/common-lisp/ros/nmea_msgs/msg/_package_Gpgsa.lisp
Symlinking /opt/autolabor/ros/catkin_ws/devel/share/common-lisp/ros/nmea_msgs/msg/Sentence.lisp
Symlinking /opt/autolabor/ros/catkin_ws/devel/share/common-lisp/ros/nmea_msgs/msg/Gpgga.lisp
Symlinking /opt/autolabor/ros/catkin_ws/devel/share/common-lisp/ros/nmea_msgs/msg/Gpgsa.lisp
Symlinking /opt/autolabor/ros/catkin_ws/devel/share/common-lisp/ros/nmea_msgs/msg/_package_Gpgsv.lisp
Symlinking /opt/autolabor/ros/catkin_ws/devel/share/common-lisp/ros/nmea_msgs/msg/_package_Sentence.lisp
Symlinking /opt/autolabor/ros/catkin_ws/devel/share/common-lisp/ros/nmea_msgs/msg/_package_GpgsvSatellite.lisp
Symlinking /opt/autolabor/ros/catkin_ws/devel/share/common-lisp/ros/nmea_msgs/msg/GpgsvSatellite.lisp
Symlinking /opt/autolabor/ros/catkin_ws/devel/share/common-lisp/ros/nmea_msgs/msg/Gpgst.lisp
Symlinking /opt/autolabor/ros/catkin_ws/devel/share/common-lisp/ros/nmea_msgs/msg/nmea_msgs-msg.asd
Symlinking /opt/autolabor/ros/catkin_ws/devel/share/gennodejs/ros/nmea_msgs/_index.js
Symlinking /opt/autolabor/ros/catkin_ws/devel/share/gennodejs/ros/nmea_msgs/msg/_index.js
Symlinking /opt/autolabor/ros/catkin_ws/devel/share/gennodejs/ros/nmea_msgs/msg/GpgsvSatellite.js
Symlinking /opt/autolabor/ros/catkin_ws/devel/share/gennodejs/ros/nmea_msgs/msg/Gpgga.js
Symlinking /opt/autolabor/ros/catkin_ws/devel/share/gennodejs/ros/nmea_msgs/msg/Gpgsv.js
Symlinking /opt/autolabor/ros/catkin_ws/devel/share/gennodejs/ros/nmea_msgs/msg/Gprmc.js
Symlinking /opt/autolabor/ros/catkin_ws/devel/share/gennodejs/ros/nmea_msgs/msg/Gpgst.js
Symlinking /opt/autolabor/ros/catkin_ws/devel/share/gennodejs/ros/nmea_msgs/msg/Gpgsa.js
Symlinking /opt/autolabor/ros/catkin_ws/devel/share/gennodejs/ros/nmea_msgs/msg/Sentence.js
Symlinking /opt/autolabor/ros/catkin_ws/devel/share/roseus/ros/nmea_msgs/manifest.l
Symlinking /opt/autolabor/ros/catkin_ws/devel/share/roseus/ros/nmea_msgs/msg/Sentence.l
Symlinking /opt/autolabor/ros/catkin_ws/devel/share/roseus/ros/nmea_msgs/msg/Gpgsv.l
Symlinking /opt/autolabor/ros/catkin_ws/devel/share/roseus/ros/nmea_msgs/msg/GpgsvSatellite.l
Symlinking /opt/autolabor/ros/catkin_ws/devel/share/roseus/ros/nmea_msgs/msg/Gpgsa.l
Symlinking /opt/autolabor/ros/catkin_ws/devel/share/roseus/ros/nmea_msgs/msg/Gpgst.l
Symlinking /opt/autolabor/ros/catkin_ws/devel/share/roseus/ros/nmea_msgs/msg/Gprmc.l
Symlinking /opt/autolabor/ros/catkin_ws/devel/share/roseus/ros/nmea_msgs/msg/Gpgga.l
Symlinking /opt/autolabor/ros/catkin_ws/devel/share/al_rtk_ros_driver/cmake/al_rtk_ros_driverConfig.cmake
Symlinking /opt/autolabor/ros/catkin_ws/devel/share/al_rtk_ros_driver/cmake/al_rtk_ros_driverConfig-version.cmake
Symlinking /opt/autolabor/ros/catkin_ws/devel/share/nmea_msgs/cmake/nmea_msgsConfig.cmake
Symlinking /opt/autolabor/ros/catkin_ws/devel/share/nmea_msgs/cmake/nmea_msgs-msg-extras.cmake
Symlinking /opt/autolabor/ros/catkin_ws/devel/share/nmea_msgs/cmake/nmea_msgsConfig-version.cmake
Symlinking /opt/autolabor/ros/catkin_ws/devel/share/nmea_msgs/cmake/nmea_msgs-msg-paths.cmake
Symlinking /opt/autolabor/ros/catkin_ws/devel/lib/python2.7/dist-packages/nmea_msgs/__init__.py
Symlinking /opt/autolabor/ros/catkin_ws/devel/lib/python2.7/dist-packages/nmea_msgs/msg/_Gpgsa.py
Symlinking /opt/autolabor/ros/catkin_ws/devel/lib/python2.7/dist-packages/nmea_msgs/msg/_Gpgst.py
Symlinking /opt/autolabor/ros/catkin_ws/devel/lib/python2.7/dist-packages/nmea_msgs/msg/_GpgsvSatellite.py
Symlinking /opt/autolabor/ros/catkin_ws/devel/lib/python2.7/dist-packages/nmea_msgs/msg/_Gpgga.py
Symlinking /opt/autolabor/ros/catkin_ws/devel/lib/python2.7/dist-packages/nmea_msgs/msg/_Sentence.py
Symlinking /opt/autolabor/ros/catkin_ws/devel/lib/python2.7/dist-packages/nmea_msgs/msg/__init__.py
Symlinking /opt/autolabor/ros/catkin_ws/devel/lib/python2.7/dist-packages/nmea_msgs/msg/_Gpgsv.py
Symlinking /opt/autolabor/ros/catkin_ws/devel/lib/python2.7/dist-packages/nmea_msgs/msg/_Gprmc.py
Symlinking /opt/autolabor/ros/catkin_ws/devel/lib/pkgconfig/nmea_msgs.pc
Symlinking /opt/autolabor/ros/catkin_ws/devel/lib/pkgconfig/al_rtk_ros_driver.pc
Symlinking /opt/autolabor/ros/catkin_ws/devel/lib/al_rtk_ros_driver/al_rtk_ros_driver
