Not searching for unused variables given on the command line.
[36m--[0m The C compiler identification is GNU 9.4.0
[36m--[0m The CXX compiler identification is GNU 9.4.0
[36m--[0m Detecting C compiler ABI info
[36m--[0m Detecting C compiler ABI info - done
[36m--[0m Check for working C compiler: /usr/bin/cc - skipped
[36m--[0m Detecting C compile features
[36m--[0m Detecting C compile features - done
[36m--[0m Detecting CXX compiler ABI info
[36m--[0m Detecting CXX compiler ABI info - done
[36m--[0m Check for working CXX compiler: /usr/bin/c++ - skipped
[36m--[0m Detecting CXX compile features
[36m--[0m Detecting CXX compile features - done
[36m--[0m Build type: Release
[36m--[0m Looking for pthread.h
[36m--[0m Looking for pthread.h - found
[36m--[0m Performing Test CMAKE_HAVE_LIBC_PTHREAD
[36m--[0m Performing Test CMAKE_HAVE_LIBC_PTHREAD - Failed
[36m--[0m Looking for pthread_create in pthreads
[36m--[0m Looking for pthread_create in pthreads - not found
[36m--[0m Looking for pthread_create in pthread
[36m--[0m Looking for pthread_create in pthread - found
[36m--[0m Found Threads: TRUE
[36m--[0m Found GMock: /usr/local/lib/libgmock_main.a;/usr/local/lib/libgmock.a;/usr/local/lib/libgtest.a;-lpthread
[36m--[0m Found Boost: /usr/include (found version "1.65.1") found components: iostreams regex
[36m--[0m Found installed version of Eigen: /usr/lib/cmake/eigen3
[36m--[0m Found required Ceres dependency: Eigen version 3.3.4 in /usr/include/eigen3
[36m--[0m Found required Ceres dependency: glog
[36m--[0m Found installed version of gflags: /usr/lib/x86_64-linux-gnu/cmake/gflags
[36m--[0m Detected gflags version: 2.2.1
[36m--[0m Found required Ceres dependency: gflags
[36m--[0m Found Ceres version: 1.13.0 installed in: /usr with components: [LAPACK, SuiteSparse, SparseLinearAlgebraLibrary, CXSparse, SchurSpecializations, OpenMP]
[36m--[0m Found Lua: /usr/lib/x86_64-linux-gnu/liblua5.2.so;/usr/lib/x86_64-linux-gnu/libm.so (found version "5.2.4")
[36m--[0m Found Protobuf: /usr/local/lib/libprotobuf.a;-lpthread (found suitable version "3.5.0", minimum required is "3.0.0")
[36m--[0m Found PkgConfig: /usr/bin/pkg-config (found version "0.29.1")
[36m--[0m Checking for one of the modules 'cairo>=1.12.16'
[36m--[0m Found Sphinx: /usr/bin/sphinx-build
[36m--[0m Configuring done
[36m--[0m Generating done
[36m--[0m Build files have been written to: /opt/autolabor/ros/catkin_ws/build/cartographer
