Symlinking /opt/autolabor/ros/catkin_ws/devel/include/autolabor_simulation_stage/ObstacleMap.h
Symlinking /opt/autolabor/ros/catkin_ws/devel/include/autolabor_simulation_stage/ObstacleRequest.h
Symlinking /opt/autolabor/ros/catkin_ws/devel/include/autolabor_simulation_stage/Obstacle.h
Symlinking /opt/autolabor/ros/catkin_ws/devel/include/autolabor_simulation_stage/ObstacleMapResponse.h
Symlinking /opt/autolabor/ros/catkin_ws/devel/include/autolabor_simulation_stage/ObstacleResponse.h
Symlinking /opt/autolabor/ros/catkin_ws/devel/include/autolabor_simulation_stage/ObstacleMapRequest.h
Symlinking /opt/autolabor/ros/catkin_ws/devel/share/autolabor_simulation_stage/cmake/autolabor_simulation_stageConfig.cmake
Symlinking /opt/autolabor/ros/catkin_ws/devel/share/autolabor_simulation_stage/cmake/autolabor_simulation_stage-msg-paths.cmake
Symlinking /opt/autolabor/ros/catkin_ws/devel/share/autolabor_simulation_stage/cmake/autolabor_simulation_stageConfig-version.cmake
Symlinking /opt/autolabor/ros/catkin_ws/devel/share/autolabor_simulation_stage/cmake/autolabor_simulation_stage-msg-extras.cmake
Symlinking /opt/autolabor/ros/catkin_ws/devel/share/common-lisp/ros/autolabor_simulation_stage/srv/_package_ObstacleMap.lisp
Symlinking /opt/autolabor/ros/catkin_ws/devel/share/common-lisp/ros/autolabor_simulation_stage/srv/_package_Obstacle.lisp
Symlinking /opt/autolabor/ros/catkin_ws/devel/share/common-lisp/ros/autolabor_simulation_stage/srv/_package.lisp
Symlinking /opt/autolabor/ros/catkin_ws/devel/share/common-lisp/ros/autolabor_simulation_stage/srv/ObstacleMap.lisp
Symlinking /opt/autolabor/ros/catkin_ws/devel/share/common-lisp/ros/autolabor_simulation_stage/srv/Obstacle.lisp
Symlinking /opt/autolabor/ros/catkin_ws/devel/share/common-lisp/ros/autolabor_simulation_stage/srv/autolabor_simulation_stage-srv.asd
Symlinking /opt/autolabor/ros/catkin_ws/devel/share/gennodejs/ros/autolabor_simulation_stage/_index.js
Symlinking /opt/autolabor/ros/catkin_ws/devel/share/gennodejs/ros/autolabor_simulation_stage/srv/_index.js
Symlinking /opt/autolabor/ros/catkin_ws/devel/share/gennodejs/ros/autolabor_simulation_stage/srv/ObstacleMap.js
Symlinking /opt/autolabor/ros/catkin_ws/devel/share/gennodejs/ros/autolabor_simulation_stage/srv/Obstacle.js
Symlinking /opt/autolabor/ros/catkin_ws/devel/share/roseus/ros/autolabor_simulation_stage/manifest.l
Symlinking /opt/autolabor/ros/catkin_ws/devel/share/roseus/ros/autolabor_simulation_stage/srv/Obstacle.l
Symlinking /opt/autolabor/ros/catkin_ws/devel/share/roseus/ros/autolabor_simulation_stage/srv/ObstacleMap.l
Symlinking /opt/autolabor/ros/catkin_ws/devel/lib/autolabor_simulation_stage/simulation_stage_node
Symlinking /opt/autolabor/ros/catkin_ws/devel/lib/python2.7/dist-packages/autolabor_simulation_stage/__init__.py
Symlinking /opt/autolabor/ros/catkin_ws/devel/lib/python2.7/dist-packages/autolabor_simulation_stage/srv/_Obstacle.py
Symlinking /opt/autolabor/ros/catkin_ws/devel/lib/python2.7/dist-packages/autolabor_simulation_stage/srv/_ObstacleMap.py
Symlinking /opt/autolabor/ros/catkin_ws/devel/lib/python2.7/dist-packages/autolabor_simulation_stage/srv/__init__.py
Symlinking /opt/autolabor/ros/catkin_ws/devel/lib/pkgconfig/autolabor_simulation_stage.pc
