Symlinking /opt/autolabor/ros/catkin_ws/devel/include/autolabor_canbus_driver/CanBusServiceResponse.h
Symlinking /opt/autolabor/ros/catkin_ws/devel/include/autolabor_canbus_driver/CanBusMessage.h
Symlinking /opt/autolabor/ros/catkin_ws/devel/include/autolabor_canbus_driver/CanBusService.h
Symlinking /opt/autolabor/ros/catkin_ws/devel/include/autolabor_canbus_driver/CanBusServiceRequest.h
Symlinking /opt/autolabor/ros/catkin_ws/devel/share/autolabor_canbus_driver/cmake/autolabor_canbus_driver-msg-extras.cmake
Symlinking /opt/autolabor/ros/catkin_ws/devel/share/autolabor_canbus_driver/cmake/autolabor_canbus_driverConfig.cmake
Symlinking /opt/autolabor/ros/catkin_ws/devel/share/autolabor_canbus_driver/cmake/autolabor_canbus_driverConfig-version.cmake
Symlinking /opt/autolabor/ros/catkin_ws/devel/share/autolabor_canbus_driver/cmake/autolabor_canbus_driver-msg-paths.cmake
Symlinking /opt/autolabor/ros/catkin_ws/devel/share/common-lisp/ros/autolabor_canbus_driver/msg/_package.lisp
Symlinking /opt/autolabor/ros/catkin_ws/devel/share/common-lisp/ros/autolabor_canbus_driver/msg/CanBusMessage.lisp
Symlinking /opt/autolabor/ros/catkin_ws/devel/share/common-lisp/ros/autolabor_canbus_driver/msg/_package_CanBusMessage.lisp
Symlinking /opt/autolabor/ros/catkin_ws/devel/share/common-lisp/ros/autolabor_canbus_driver/msg/autolabor_canbus_driver-msg.asd
Symlinking /opt/autolabor/ros/catkin_ws/devel/share/common-lisp/ros/autolabor_canbus_driver/srv/autolabor_canbus_driver-srv.asd
Symlinking /opt/autolabor/ros/catkin_ws/devel/share/common-lisp/ros/autolabor_canbus_driver/srv/_package.lisp
Symlinking /opt/autolabor/ros/catkin_ws/devel/share/common-lisp/ros/autolabor_canbus_driver/srv/_package_CanBusService.lisp
Symlinking /opt/autolabor/ros/catkin_ws/devel/share/common-lisp/ros/autolabor_canbus_driver/srv/CanBusService.lisp
Symlinking /opt/autolabor/ros/catkin_ws/devel/share/gennodejs/ros/autolabor_canbus_driver/_index.js
Symlinking /opt/autolabor/ros/catkin_ws/devel/share/gennodejs/ros/autolabor_canbus_driver/msg/_index.js
Symlinking /opt/autolabor/ros/catkin_ws/devel/share/gennodejs/ros/autolabor_canbus_driver/msg/CanBusMessage.js
Symlinking /opt/autolabor/ros/catkin_ws/devel/share/gennodejs/ros/autolabor_canbus_driver/srv/CanBusService.js
Symlinking /opt/autolabor/ros/catkin_ws/devel/share/gennodejs/ros/autolabor_canbus_driver/srv/_index.js
Symlinking /opt/autolabor/ros/catkin_ws/devel/share/roseus/ros/autolabor_canbus_driver/manifest.l
Symlinking /opt/autolabor/ros/catkin_ws/devel/share/roseus/ros/autolabor_canbus_driver/msg/CanBusMessage.l
Symlinking /opt/autolabor/ros/catkin_ws/devel/share/roseus/ros/autolabor_canbus_driver/srv/CanBusService.l
Symlinking /opt/autolabor/ros/catkin_ws/devel/lib/python2.7/dist-packages/autolabor_canbus_driver/__init__.py
Symlinking /opt/autolabor/ros/catkin_ws/devel/lib/python2.7/dist-packages/autolabor_canbus_driver/msg/__init__.py
Symlinking /opt/autolabor/ros/catkin_ws/devel/lib/python2.7/dist-packages/autolabor_canbus_driver/msg/_CanBusMessage.py
Symlinking /opt/autolabor/ros/catkin_ws/devel/lib/python2.7/dist-packages/autolabor_canbus_driver/srv/_CanBusService.py
Symlinking /opt/autolabor/ros/catkin_ws/devel/lib/python2.7/dist-packages/autolabor_canbus_driver/srv/__init__.py
Symlinking /opt/autolabor/ros/catkin_ws/devel/lib/autolabor_canbus_driver/canbus_driver
Symlinking /opt/autolabor/ros/catkin_ws/devel/lib/autolabor_canbus_driver/pm1_driver
Symlinking /opt/autolabor/ros/catkin_ws/devel/lib/pkgconfig/autolabor_canbus_driver.pc
