Symlinking /opt/autolabor/ros/catkin_ws/devel/include/path_server/SetPathNameResponse.h
Symlinking /opt/autolabor/ros/catkin_ws/devel/include/path_server/SetPathNameRequest.h
Symlinking /opt/autolabor/ros/catkin_ws/devel/include/path_server/SetPathName.h
Symlinking /opt/autolabor/ros/catkin_ws/devel/share/path_server/cmake/path_serverConfig.cmake
Symlinking /opt/autolabor/ros/catkin_ws/devel/share/path_server/cmake/path_serverConfig-version.cmake
Symlinking /opt/autolabor/ros/catkin_ws/devel/share/path_server/cmake/path_server-msg-paths.cmake
Symlinking /opt/autolabor/ros/catkin_ws/devel/share/path_server/cmake/path_server-msg-extras.cmake
Symlinking /opt/autolabor/ros/catkin_ws/devel/share/common-lisp/ros/path_server/srv/_package.lisp
Symlinking /opt/autolabor/ros/catkin_ws/devel/share/common-lisp/ros/path_server/srv/SetPathName.lisp
Symlinking /opt/autolabor/ros/catkin_ws/devel/share/common-lisp/ros/path_server/srv/_package_SetPathName.lisp
Symlinking /opt/autolabor/ros/catkin_ws/devel/share/common-lisp/ros/path_server/srv/path_server-srv.asd
Symlinking /opt/autolabor/ros/catkin_ws/devel/share/gennodejs/ros/path_server/_index.js
Symlinking /opt/autolabor/ros/catkin_ws/devel/share/gennodejs/ros/path_server/srv/_index.js
Symlinking /opt/autolabor/ros/catkin_ws/devel/share/gennodejs/ros/path_server/srv/SetPathName.js
Symlinking /opt/autolabor/ros/catkin_ws/devel/share/roseus/ros/path_server/manifest.l
Symlinking /opt/autolabor/ros/catkin_ws/devel/share/roseus/ros/path_server/srv/SetPathName.l
Symlinking /opt/autolabor/ros/catkin_ws/devel/lib/path_server/record_path_node
Symlinking /opt/autolabor/ros/catkin_ws/devel/lib/path_server/load_path_node
Symlinking /opt/autolabor/ros/catkin_ws/devel/lib/python2.7/dist-packages/path_server/__init__.py
Symlinking /opt/autolabor/ros/catkin_ws/devel/lib/python2.7/dist-packages/path_server/srv/__init__.py
Symlinking /opt/autolabor/ros/catkin_ws/devel/lib/python2.7/dist-packages/path_server/srv/_SetPathName.py
Symlinking /opt/autolabor/ros/catkin_ws/devel/lib/pkgconfig/path_server.pc
