[  0%] Built target _path_server_generate_messages_check_deps_SetPathName
[  0%] Built target std_msgs_generate_messages_py
[  0%] Built target std_msgs_generate_messages_cpp
[  0%] Built target std_msgs_generate_messages_eus
[  0%] Built target std_msgs_generate_messages_lisp
[  0%] Built target std_msgs_generate_messages_nodejs
[  0%] Built target roscpp_generate_messages_cpp
[  0%] Built target roscpp_generate_messages_eus
[  0%] Built target roscpp_generate_messages_lisp
[  0%] Built target roscpp_generate_messages_nodejs
[  0%] Built target roscpp_generate_messages_py
[  0%] Built target rosgraph_msgs_generate_messages_cpp
[  0%] Built target rosgraph_msgs_generate_messages_eus
[  0%] Built target rosgraph_msgs_generate_messages_lisp
[  0%] Built target rosgraph_msgs_generate_messages_nodejs
[  0%] Built target rosgraph_msgs_generate_messages_py
[  0%] Built target tf_generate_messages_cpp
[  0%] Built target tf_generate_messages_eus
[  0%] Built target tf_generate_messages_lisp
[  0%] Built target tf_generate_messages_nodejs
[  0%] Built target tf_generate_messages_py
[  0%] Built target geometry_msgs_generate_messages_cpp
[  0%] Built target geometry_msgs_generate_messages_eus
[  0%] Built target geometry_msgs_generate_messages_lisp
[  0%] Built target geometry_msgs_generate_messages_nodejs
[  0%] Built target geometry_msgs_generate_messages_py
[  0%] Built target sensor_msgs_generate_messages_cpp
[  0%] Built target sensor_msgs_generate_messages_eus
[  0%] Built target sensor_msgs_generate_messages_lisp
[  0%] Built target sensor_msgs_generate_messages_nodejs
[  0%] Built target sensor_msgs_generate_messages_py
[  0%] Built target actionlib_generate_messages_cpp
[  0%] Built target actionlib_generate_messages_eus
[  0%] Built target actionlib_generate_messages_lisp
[  0%] Built target actionlib_generate_messages_nodejs
[  0%] Built target actionlib_generate_messages_py
[  0%] Built target actionlib_msgs_generate_messages_cpp
[  0%] Built target actionlib_msgs_generate_messages_eus
[  0%] Built target actionlib_msgs_generate_messages_lisp
[  0%] Built target actionlib_msgs_generate_messages_nodejs
[  0%] Built target actionlib_msgs_generate_messages_py
[  0%] Built target tf2_msgs_generate_messages_cpp
[  0%] Built target tf2_msgs_generate_messages_eus
[  0%] Built target tf2_msgs_generate_messages_nodejs
[  0%] Built target tf2_msgs_generate_messages_lisp
[  0%] Built target tf2_msgs_generate_messages_py
[  9%] [34m[1mGenerating Python code from SRV path_server/SetPathName[0m
[ 18%] [34m[1mGenerating C++ code from path_server/SetPathName.srv[0m
[ 27%] [34m[1mGenerating Python srv __init__.py for path_server[0m
[ 27%] Built target path_server_generate_messages_cpp
[ 36%] [34m[1mGenerating EusLisp code from path_server/SetPathName.srv[0m
[ 36%] Built target path_server_generate_messages_py
[ 45%] [34m[1mGenerating EusLisp manifest code for path_server[0m
[ 45%] Built target path_server_generate_messages_eus
[ 54%] [34m[1mGenerating Lisp code from path_server/SetPathName.srv[0m
[ 54%] Built target path_server_generate_messages_lisp
[ 63%] [34m[1mGenerating Javascript code from path_server/SetPathName.srv[0m
[ 63%] Built target path_server_generate_messages_nodejs
[ 63%] Built target path_server_generate_messages
[ 72%] [32mBuilding CXX object CMakeFiles/record_path_node.dir/src/record_path_node.cpp.o[0m
[ 81%] [32mBuilding CXX object CMakeFiles/load_path_node.dir/src/load_path_node.cpp.o[0m
[ 90%] [32m[1mLinking CXX executable /opt/autolabor/ros/catkin_ws/devel/.private/path_server/lib/path_server/record_path_node[0m
[ 90%] Built target record_path_node
[100%] [32m[1mLinking CXX executable /opt/autolabor/ros/catkin_ws/devel/.private/path_server/lib/path_server/load_path_node[0m
[100%] Built target load_path_node
