Symlinking /opt/autolabor/ros/catkin_ws/devel/include/image_proc/ResizeConfig.h
Symlinking /opt/autolabor/ros/catkin_ws/devel/include/image_proc/DebayerConfig.h
Symlinking /opt/autolabor/ros/catkin_ws/devel/include/image_proc/CropDecimateConfig.h
Symlinking /opt/autolabor/ros/catkin_ws/devel/include/image_proc/RectifyConfig.h
Symlinking /opt/autolabor/ros/catkin_ws/devel/share/image_proc/cmake/image_procConfig-version.cmake
Symlinking /opt/autolabor/ros/catkin_ws/devel/share/image_proc/cmake/image_procConfig.cmake
Symlinking /opt/autolabor/ros/catkin_ws/devel/share/image_proc/docs/DebayerConfig.wikidoc
Symlinking /opt/autolabor/ros/catkin_ws/devel/share/image_proc/docs/DebayerConfig-usage.dox
Symlinking /opt/autolabor/ros/catkin_ws/devel/share/image_proc/docs/ResizeConfig.wikidoc
Symlinking /opt/autolabor/ros/catkin_ws/devel/share/image_proc/docs/RectifyConfig.wikidoc
Symlinking /opt/autolabor/ros/catkin_ws/devel/share/image_proc/docs/RectifyConfig-usage.dox
Symlinking /opt/autolabor/ros/catkin_ws/devel/share/image_proc/docs/CropDecimateConfig.dox
Symlinking /opt/autolabor/ros/catkin_ws/devel/share/image_proc/docs/DebayerConfig.dox
Symlinking /opt/autolabor/ros/catkin_ws/devel/share/image_proc/docs/RectifyConfig.dox
Symlinking /opt/autolabor/ros/catkin_ws/devel/share/image_proc/docs/CropDecimateConfig.wikidoc
Symlinking /opt/autolabor/ros/catkin_ws/devel/share/image_proc/docs/ResizeConfig-usage.dox
Symlinking /opt/autolabor/ros/catkin_ws/devel/share/image_proc/docs/ResizeConfig.dox
Symlinking /opt/autolabor/ros/catkin_ws/devel/share/image_proc/docs/CropDecimateConfig-usage.dox
Symlinking /opt/autolabor/ros/catkin_ws/devel/lib/libimage_proc.so
Symlinking /opt/autolabor/ros/catkin_ws/devel/lib/python2.7/dist-packages/image_proc/__init__.py
Symlinking /opt/autolabor/ros/catkin_ws/devel/lib/python2.7/dist-packages/image_proc/cfg/DebayerConfig.py
Symlinking /opt/autolabor/ros/catkin_ws/devel/lib/python2.7/dist-packages/image_proc/cfg/ResizeConfig.py
Symlinking /opt/autolabor/ros/catkin_ws/devel/lib/python2.7/dist-packages/image_proc/cfg/__init__.py
Symlinking /opt/autolabor/ros/catkin_ws/devel/lib/python2.7/dist-packages/image_proc/cfg/RectifyConfig.py
Symlinking /opt/autolabor/ros/catkin_ws/devel/lib/python2.7/dist-packages/image_proc/cfg/CropDecimateConfig.py
Symlinking /opt/autolabor/ros/catkin_ws/devel/lib/pkgconfig/image_proc.pc
Symlinking /opt/autolabor/ros/catkin_ws/devel/lib/image_proc/image_proc
